.text:00000000 f_signed:                                # CODE XREF: main+18
.text:00000000
.text:00000000 var_10          = -0x10
.text:00000000 var_8           = -8
.text:00000000 var_4           = -4
.text:00000000 arg_0           =  0
.text:00000000 arg_4           =  4
.text:00000000
.text:00000000                 addiu   $sp, -0x20
.text:00000004                 sw      $ra, 0x20+var_4($sp)
.text:00000008                 sw      $fp, 0x20+var_8($sp)
.text:0000000C                 move    $fp, $sp
.text:00000010                 la      $gp, __gnu_local_gp
.text:00000018                 sw      $gp, 0x20+var_10($sp)
; §stocker les valeurs en entrée sur la pile locale:§
.text:0000001C                 sw      $a0, 0x20+arg_0($fp)
.text:00000020                 sw      $a1, 0x20+arg_4($fp)
; reload them.
.text:00000024                 lw      $v1, 0x20+arg_0($fp)
.text:00000028                 lw      $v0, 0x20+arg_4($fp)
; $v0=b
; $v1=a
.text:0000002C                 or      $at, $zero ; NOP
; §ceci est une pseudoinstructions. en fait, c'est "slt \$v0,\$v0,\$v1" ici.§
; §donc \$v0 sera mis à 1 si \$v0<\$v1 (b<a) ou à 0 autrement:§
.text:00000030                 slt     $v0, $v1
; saut en loc_5c, si la condition n'est pas vraie.
; ceci est une pseudoinstruction. en fait, c'est "beq $v0,$zero,loc_5c" ici:
.text:00000034                 beqz    $v0, loc_5C
; afficher "a>b" et terminer
.text:00000038                 or      $at, $zero ; §slot de délai de branchement, NOP§
.text:0000003C                 lui     $v0, (unk_230 >> 16) # "a>b"
.text:00000040                 addiu   $a0, $v0, (unk_230 & 0xFFFF) # "a>b"
.text:00000044                 lw      $v0, (puts & 0xFFFF)($gp)
.text:00000048                 or      $at, $zero ; NOP
.text:0000004C                 move    $t9, $v0
.text:00000050                 jalr    $t9
.text:00000054                 or      $at, $zero ; §slot de délai de branchement, NOP§
.text:00000058                 lw      $gp, 0x20+var_10($fp)
.text:0000005C
.text:0000005C loc_5C:                                  # CODE XREF: f_signed+34
.text:0000005C                 lw      $v1, 0x20+arg_0($fp)
.text:00000060                 lw      $v0, 0x20+arg_4($fp)
.text:00000064                 or      $at, $zero ; NOP
; tester si a==b, sauter en loc_90 si ce n'est pas vrai:
.text:00000068                 bne     $v1, $v0, loc_90
.text:0000006C                 or      $at, $zero ; §slot de délai de branchement, NOP§
; la condition est vraie, donc afficher "a==b" et terminer:
.text:00000070                 lui     $v0, (aAB >> 16)  # "a==b"
.text:00000074                 addiu   $a0, $v0, (aAB & 0xFFFF)  # "a==b"
.text:00000078                 lw      $v0, (puts & 0xFFFF)($gp)
.text:0000007C                 or      $at, $zero ; NOP
.text:00000080                 move    $t9, $v0
.text:00000084                 jalr    $t9
.text:00000088                 or      $at, $zero ; §slot de délai de branchement, NOP§
.text:0000008C                 lw      $gp, 0x20+var_10($fp)
.text:00000090
.text:00000090 loc_90:                                  # CODE XREF: f_signed+68
.text:00000090                 lw      $v1, 0x20+arg_0($fp)
.text:00000094                 lw      $v0, 0x20+arg_4($fp)
.text:00000098                 or      $at, $zero ; NOP
; §tester si \$v1<\$v0 (a<b), mettre \$v0 à 1 si la condition est vraie:§
.text:0000009C                 slt     $v0, $v1, $v0
; si la condition n'est pas vraie (i.e., $v0==0), sauter en loc_c8:
.text:000000A0                 beqz    $v0, loc_C8
.text:000000A4                 or      $at, $zero ; §slot de délai de branchement, NOP§
; la condition est vraie, afficher "a<b" et terminer
.text:000000A8                 lui     $v0, (aAB_0 >> 16)  # "a<b"
.text:000000AC                 addiu   $a0, $v0, (aAB_0 & 0xFFFF)  # "a<b"
.text:000000B0                 lw      $v0, (puts & 0xFFFF)($gp)
.text:000000B4                 or      $at, $zero ; NOP
.text:000000B8                 move    $t9, $v0
.text:000000BC                 jalr    $t9
.text:000000C0                 or      $at, $zero ; §slot de délai de branchement, NOP§
.text:000000C4                 lw      $gp, 0x20+var_10($fp)
.text:000000C8
; §toutes les 3 conditions étaient fausses, donc simplment terminer:§
.text:000000C8 loc_C8:                                  # CODE XREF: f_signed+A0
.text:000000C8                 move    $sp, $fp
.text:000000CC                 lw      $ra, 0x20+var_4($sp)
.text:000000D0                 lw      $fp, 0x20+var_8($sp)
.text:000000D4                 addiu   $sp, 0x20
.text:000000D8                 jr      $ra
.text:000000DC                 or      $at, $zero ; §slot de délai de branchement, NOP§
.text:000000DC  # Fin de la fonction f_signed
