wcl -i=C:\WATCOM\h\win\ -s -os -bt=windows -bcl=windows ex2.c

WinMain         proc near
                push    bp
                mov     bp, sp
                xor     ax, ax
                push    ax
                push    ds
                mov     ax, offset aHelloWorld ; 0x18. "hello, world"
                push    ax
                push    ds
                mov     ax, offset aCaption ; 0x10. "caption"
                push    ax
                mov     ax, 3           ; MB_YESNOCANCEL
                push    ax
                call    MESSAGEBOX
                xor     ax, ax
                pop     bp
                retn    0Ah
WinMain         endp

dseg02:0010 aCaption        db 'caption',0
dseg02:0018 aHelloWorld     db 'hello, world',0

