my_abs
; скопировать из S0 в R2:
                FMRS    R2, S0
; очистить бит:
                BIC     R3, R2, #0x80000000
; скопировать из R3 в S0:
                FMSR    S0, R3
                BX      LR

set_sign
; скопировать из S0 в R2:
                FMRS    R2, S0
; применить ИЛИ:
                ORR     R3, R2, #0x80000000
; скопировать из R3 в S0:
                FMSR    S0, R3
                BX      LR

negate
; скопировать из S0 в R2:
                FMRS    R2, S0
; применить операцию сложения:
                ADD     R3, R2, #0x80000000
; скопировать из R3 в S0:
                FMSR    S0, R3
                BX      LR
