my_abs
; copier depuis S0 vers R2:
                FMRS    R2, S0
; effacer le bit:
                BIC     R3, R2, #0x80000000
; copier depuis R3 vers S0:
                FMSR    S0, R3
                BX      LR

set_sign
; copier depuis S0 vers R2:
                FMRS    R2, S0
; faire OR:
                ORR     R3, R2, #0x80000000
; copier depuis R3 vers S0:
                FMSR    S0, R3
                BX      LR

negate
; copier depuis S0 vers R2:
                FMRS    R2, S0
; faire ADD:
                ADD     R3, R2, #0x80000000
; copier depuis R3 vers S0:
                FMSR    S0, R3
                BX      LR
