MOV REG, input
CMP REG, 4 ; максимальное количество меток
JA default
SHL REG, 2 ; найти элемент в таблице. сдвинуть на 3 бита в x64
MOV REG, jump_table[REG]
JMP REG

case1:
    ; делать что-то
    JMP exit
case2:
    ; делать что-то
    JMP exit
case3:
    ; делать что-то
    JMP exit
case4:
    ; делать что-то
    JMP exit
case5:
    ; делать что-то
    JMP exit

default:

    ...

exit:

    ....

jump_table dd case1
           dd case2
           dd case3
           dd case4
           dd case5
