f:
                lb      $v1, 0($a0)
                or      $at, $zero
                beqz    $v1, locret_48
                li      $a1, 0x20  # ' '
                b       loc_28
                move    $v0, $zero
loc_18:                                  # CODE XREF: f:loc_28
                lb      $v1, 0($a0)
                or      $at, $zero
                beqz    $v1, locret_40
                or      $at, $zero

loc_28:                                  # CODE XREF: f+10
                                         # f+38
                bne     $v1, $a1, loc_18
                addiu   $a0, 1
                lb      $v1, 0($a0)
                or      $at, $zero
                bnez    $v1, loc_28
                addiu   $v0, 1

locret_40:                               # CODE XREF: f+20
                jr      $ra
                or      $at, $zero
locret_48:                               # CODE XREF: f+8
                jr      $ra
                move    $v0, $zero
