f:
; $a0=a
; la variable rt sera dans $v0:
                move    $v0, $zero
; la variable i sera dans $v1:
                move    $v1, $zero
                li      $t0, 1
                li      $a3, 32
                sllv    $a1, $t0, $v1
; $a1 = $t0<<$v1 = 1<<i

loc_14:
                and     $a1, $a0
; $a1 = a&(1<<i)
; §incrémenter§ i:
                addiu   $v1, 1
; sauter en loc_28 si a&(1<<i)==0 et §incrémenter§ rt:
                beqz    $a1, loc_28
                addiu   $a2, $v0, 1
; si le saut BEQZ n'a pas été suivi, sauver la nouvelle valeur de rt dans $v0:
                move    $v0, $a2

loc_28:
; si i!=32, sauter en loc_14 et §préparer§ la prochaine valeur §décalée§:
                bne     $v1, $a3, loc_14
                sllv    $a1, $t0, $v1
; sortir
                jr      $ra
                or      $at, $zero ; slot de §délai§ de branchement, NOP
