.LC12:
	.string	"zero"
.LC13:
	.string	"one"
.LC14:
	.string	"two"
.LC15:
	.string	"something unknown"
f12:
	stp	x29, x30, [sp, -32]!
	add	x29, sp, 0
	str	w0, [x29,28]
	ldr	w0, [x29,28]
	cmp	w0, 1
	beq	.L34
	cmp	w0, 2
	beq	.L35
	cmp	w0, wzr
	bne	.L38		; переход на метку по умолчанию
	adrp	x0, .LC12	; "zero"
	add	x0, x0, :lo12:.LC12
	bl	puts
	b	.L32
.L34:
	adrp	x0, .LC13	; "one"
	add	x0, x0, :lo12:.LC13
	bl	puts
	b	.L32
.L35:
	adrp	x0, .LC14	; "two"
	add	x0, x0, :lo12:.LC14
	bl	puts
	b	.L32
.L38:
	adrp	x0, .LC15	; "something unknown"
	add	x0, x0, :lo12:.LC15
	bl	puts
	nop
.L32:
	ldp	x29, x30, [sp], 32
	ret
