.text:00000000 main:
.text:00000000
.text:00000000 var_18   = -0x18
.text:00000000 var_10   = -0x10
.text:00000000 var_4    = -4
.text:00000000
; 関数プロローグ:
.text:00000000          lui     $gp, (__gnu_local_gp >> 16)
.text:00000004          addiu   $sp, -0x28
.text:00000008          la      $gp, (__gnu_local_gp & 0xFFFF)
.text:0000000C          sw      $ra, 0x28+var_4($sp)
.text:00000010          sw      $gp, 0x28+var_18($sp)
; puts()を呼び出す:
.text:00000014          lw      $t9, (puts & 0xFFFF)($gp)
.text:00000018          lui     $a0, ($LC0 >> 16)  # "Enter X:"
.text:0000001C          jalr    $t9  
.text:00000020          la      $a0, ($LC0 & 0xFFFF)  # "Enter X:" ; branch delay slot
; scanf()を呼び出す:
.text:00000024          lw      $gp, 0x28+var_18($sp)
.text:00000028          lui     $a0, ($LC1 >> 16)  # "%d"
.text:0000002C          lw      $t9, (__isoc99_scanf & 0xFFFF)($gp)
; scanf()の2番目の引数に $a1=$sp+24 を設定する:
.text:00000030          addiu   $a1, $sp, 0x28+var_10
.text:00000034          jalr    $t9  ; branch delay slot
.text:00000038          la      $a0, ($LC1 & 0xFFFF)  # "%d"
; printf()を呼び出す:
.text:0000003C          lw      $gp, 0x28+var_18($sp)
; printf()の2番目の引数を設定する, 
; アドレス$sp+24にwordをロードする:
.text:00000040          lw      $a1, 0x28+var_10($sp)
.text:00000044          lw      $t9, (printf & 0xFFFF)($gp)
.text:00000048          lui     $a0, ($LC2 >> 16)  # "You entered %d...\n"
.text:0000004C          jalr    $t9
.text:00000050          la      $a0, ($LC2 & 0xFFFF)  # "You entered %d...\n" ; branch delay slot
; 関数エピローグ:
.text:00000054          lw      $ra, 0x28+var_4($sp)
; 戻り値に0を設定する:
.text:00000058          move    $v0, $zero
; return:
.text:0000005C          jr      $ra
.text:00000060          addiu   $sp, 0x28 ; branch delay slot
