f:
                lui     $t2, 0x9E37
                lui     $t1, 0xC6EF
                lw      $v0, 0($a0)
                lw      $v1, 4($a0)
                lw      $t6, 0xC($a1)
                lw      $t5, 0($a1)
                lw      $t4, 4($a1)
                lw      $t3, 8($a1)
                li      $t2, 0x9E3779B9
                li      $t1, 0xC6EF3720
                move    $a1, $zero

loc_2C:                                  # CODE XREF: f+6C
                addu    $a1, $t2
                sll     $a2, $v1, 4
                addu    $t0, $a1, $v1
                srl     $a3, $v1, 5
                addu    $a2, $t5
                addu    $a3, $t4
                xor     $a2, $t0, $a2
                xor     $a2, $a3
                addu    $v0, $a2
                sll     $a3, $v0, 4
                srl     $a2, $v0, 5
                addu    $a3, $t3
                addu    $a2, $t6
                xor     $a2, $a3, $a2
                addu    $a3, $v0, $a1
                xor     $a2, $a3
                bne     $a1, $t1, loc_2C
                addu    $v1, $a2
                sw      $v1, 4($a0)
                jr      $ra
                sw      $v0, 0($a0)
