def check_if_is_in_set(P):
    P_start=P
    iterations=0

    while True:
        if (P>bounds):
            break
        P=P^2+P_start
        if iterations > max_iterations:
            break
        iterations++

    return iterations

# §черно-белое§
for each point on screen P:
    if check_if_is_in_set (P) < max_iterations:
        нарисовать точку

# цветное
for each point on screen P:
    iterations = if check_if_is_in_set (P)
    преобразовать количество итераций в цвет
    нарисовать цветную точку
