_dst$ = 8		; size = 4
_src$ = 12		; size = 4
_cnt$ = 16		; size = 4
_memcpy	PROC
	mov	edx, DWORD PTR _cnt$[esp-4]
	test	edx, edx
	je	SHORT $LN1@f
	mov	eax, DWORD PTR _dst$[esp-4]
	push	esi
	mov	esi, DWORD PTR _src$[esp]
	sub	esi, eax
; ESI=src-dst, т.е., §разница указателей§
$LL8@f:
	mov	cl, BYTE PTR [esi+eax] ; §загрузить байт на "esi+dst" или на "src-dst+dst" в начале, или просто на "src"§
	lea	eax, DWORD PTR [eax+1] ; dst++
	mov	BYTE PTR [eax-1], cl   ; §сохранить байт на "(dst++)--", или просто на "dst" в начале§
	dec	edx                    ; §декремент счетчика, пока не закончим§
	jne	SHORT $LL8@f
	pop	esi
$LN1@f:
	ret	0
_memcpy	ENDP
