; $a0=a1
; $a1=a2
; $a2=cnt
f:
; переход на код проверки в цикле:
                beqz    $a2, locret_24
; инициализировать счетчик (i) в 0:
                move    $v0, $zero ; branch delay slot, NOP

loc_8:
; загрузить §32-битное§ слово в $a1
                lw      $a3, 0($a1)
; инкремент счетчика (i):
                addiu   $v0, 1
; проверка на конец (§сравнить§ "i" §в§ $v0 §и§ "cnt" §в§ $a2):
                sltu    $v1, $v0, $a2
; сохранить §32-битное§ слово в $a0:
                sw      $a3, 0($a0)
; прибавить 0x1C (28) к $a1 на каждой итерации:
                addiu   $a1, 0x1C
; перейти на тело цикла, если i<cnt:
                bnez    $v1, loc_8
; прибавить 0xC (12) к $a0 на каждой итерации:
                addiu   $a0, 0xC ; branch delay slot

locret_24:
                jr      $ra
                or      $at, $zero ; branch delay slot, NOP
