.text:00402C9C sub_402C9C      proc near               ; CODE XREF: sub_402ACA+52
.text:00402C9C                                         ; sub_402ACA+64 ...
.text:00402C9C
.text:00402C9C arg_0           = dword ptr  8
.text:00402C9C
.text:00402C9C                 push    ebp
.text:00402C9D                 mov     ebp, esp
.text:00402C9F                 push    ebx
.text:00402CA0                 push    esi
.text:00402CA1                 push    edi
.text:00402CA2                 mov     eax, dword_40D430
.text:00402CA7                 imul    eax, dword_40D440
.text:00402CAE                 add     eax, dword_40D5C8
.text:00402CB4                 mov     ecx, 32000
.text:00402CB9                 cdq
.text:00402CBA                 idiv    ecx
.text:00402CBC                 mov     dword_40D440, edx
.text:00402CC2                 call    _rand
.text:00402CC7                 cdq
.text:00402CC8                 idiv    [ebp+arg_0]
.text:00402CCB                 mov     dword_40D430, edx
.text:00402CD1                 mov     eax, dword_40D430
.text:00402CD6                 jmp     $+5
.text:00402CDB                 pop     edi
.text:00402CDC                 pop     esi
.text:00402CDD                 pop     ebx
.text:00402CDE                 leave
.text:00402CDF                 retn
.text:00402CDF sub_402C9C      endp
