my_max:
; $a1<$a0なら、$v1に1を設定し、それ以外($a1>$a0)ではクリアする
                slt     $v1, $a1, $a0
; $v1が0(または $a1>$a0)ならジャンプ
                beqz    $v1, locret_10
; これは分岐遅延スロットです
; 分岐が実行された場合に、$a1を$v0にコピー
                move    $v0, $a1 
; 分岐は実行されず、$a0を$v0にコピー
                move    $v0, $a0

locret_10:
                jr      $ra
                or      $at, $zero ; 分岐遅延スロット、NOP

; min()関数は同じですが、SLT命令の入力オペランドはスワップされます
my_min:
                slt     $v1, $a0, $a1
                beqz    $v1, locret_28
                move    $v0, $a1
                move    $v0, $a0

locret_28:
                jr      $ra
                or      $at, $zero ; branch delay slot, NOP
