my_max:
; §установить§ $v1 §to 1, if§§в 1, если§ $a1<$a0:
                slt     $v1, $a1, $a0
; §переход, если§ $a1<$a0:
                beqz    $v1, locret_10
; §это§ branch delay slot
; §подготовить§ $a1 §в§ $v0 §на случай, если переход сработает§:
                move    $v0, $a1 
; §переход не сработал, подготовить§ $a0 §в§ $v0:
                move    $v0, $a0

locret_10:
                jr      $ra
                or      $at, $zero ; branch delay slot, NOP

; §функция min() точно такая же, но входные операнды в инструкции SLT поменены местами§:
my_min:
                slt     $v1, $a0, $a1
                beqz    $v1, locret_28
                move    $v0, $a1
                move    $v0, $a0

locret_28:
                jr      $ra
                or      $at, $zero ; branch delay slot, NOP
