my_max:
; §mettre \$v1 à 1 si \$a1<\$a0, ou l'éffacer autrement (si \$a1>\$a0):§
                slt     $v1, $a1, $a0
; sauter, si $v1 est 0 (ou $a1>$a0):
                beqz    $v1, locret_10
; §ceci est le slot de délai de branchement§
; §préparer \$a1 dans \$v0 si le branchement est pris:§
                move    $v0, $a1
; §le branchment n'est pas pris, préparer \$a0 dans \$v0:§
                move    $v0, $a0

locret_10:
                jr      $ra
                or      $at, $zero ; §slot de délai de branchement, NOP§

; §la fonction min() est la même, mais les opérandes dans l'instruction SLT sont échangées:§
my_min:
                slt     $v1, $a0, $a1
                beqz    $v1, locret_28
                move    $v0, $a1
                move    $v0, $a0

locret_28:
                jr      $ra
                or      $at, $zero ; §slot de délai de branchement, NOP§
