seg000:0011873C             check3: # CODE XREF: check2+88p
seg000:0011873C
seg000:0011873C             .set var_18, -0x18
seg000:0011873C             .set var_C, -0xC
seg000:0011873C             .set var_8, -8
seg000:0011873C             .set var_4, -4
seg000:0011873C             .set arg_8,  8
seg000:0011873C
seg000:0011873C 93 E1 FF FC   stw     %r31, var_4(%sp)
seg000:00118740 7C 08 02 A6   mflr    %r0
seg000:00118744 38 A0 00 00   li      %r5, 0
seg000:00118748 93 C1 FF F8   stw     %r30, var_8(%sp)
seg000:0011874C 83 C2 95 A8   lwz     %r30, off_1485E8 # dword_24B704
seg000:00118750               .using dword_24B704, %r30
seg000:00118750 93 A1 FF F4   stw     %r29, var_C(%sp)
seg000:00118754 3B A3 00 00   addi    %r29, %r3, 0
seg000:00118758 38 60 00 00   li      %r3, 0
seg000:0011875C 90 01 00 08   stw     %r0, arg_8(%sp)
seg000:00118760 94 21 FF B0   stwu    %sp, -0x50(%sp)
seg000:00118764 80 DE 00 00   lwz     %r6, dword_24B704
seg000:00118768 38 81 00 38   addi    %r4, %sp, 0x50+var_18
seg000:0011876C 48 00 C0 5D   bl      .RBEREAD
seg000:00118770 60 00 00 00   nop
seg000:00118774 54 60 04 3F   clrlwi. %r0, %r3, 16
seg000:00118778 41 82 00 0C   beq     loc_118784
seg000:0011877C 38 60 00 00   li      %r3, 0
seg000:00118780 48 00 02 F0   b       exit
seg000:00118784
seg000:00118784             loc_118784: # CODE XREF: check3+3Cj
seg000:00118784 A0 01 00 38   lhz     %r0, 0x50+var_18(%sp)
seg000:00118788 28 00 04 B2   cmplwi  %r0, 0x1100
seg000:0011878C 41 82 00 0C   beq     loc_118798
seg000:00118790 38 60 00 00   li      %r3, 0
seg000:00118794 48 00 02 DC   b       exit
seg000:00118798
seg000:00118798             loc_118798: # CODE XREF: check3+50j
seg000:00118798 80 DE 00 00   lwz     %r6, dword_24B704
seg000:0011879C 38 81 00 38   addi    %r4, %sp, 0x50+var_18
seg000:001187A0 38 60 00 01   li      %r3, 1
seg000:001187A4 38 A0 00 00   li      %r5, 0
seg000:001187A8 48 00 C0 21   bl      .RBEREAD
seg000:001187AC 60 00 00 00   nop
seg000:001187B0 54 60 04 3F   clrlwi. %r0, %r3, 16
seg000:001187B4 41 82 00 0C   beq     loc_1187C0
seg000:001187B8 38 60 00 00   li      %r3, 0
seg000:001187BC 48 00 02 B4   b       exit
seg000:001187C0
seg000:001187C0             loc_1187C0: # CODE XREF: check3+78j
seg000:001187C0 A0 01 00 38   lhz     %r0, 0x50+var_18(%sp)
seg000:001187C4 28 00 06 4B   cmplwi  %r0, 0x09AB
seg000:001187C8 41 82 00 0C   beq     loc_1187D4
seg000:001187CC 38 60 00 00   li      %r3, 0
seg000:001187D0 48 00 02 A0   b       exit
seg000:001187D4
seg000:001187D4             loc_1187D4: # CODE XREF: check3+8Cj
seg000:001187D4 4B F9 F3 D9   bl      sub_B7BAC
seg000:001187D8 60 00 00 00   nop
seg000:001187DC 54 60 06 3E   clrlwi  %r0, %r3, 24
seg000:001187E0 2C 00 00 05   cmpwi   %r0, 5
seg000:001187E4 41 82 01 00   beq     loc_1188E4
seg000:001187E8 40 80 00 10   bge     loc_1187F8
seg000:001187EC 2C 00 00 04   cmpwi   %r0, 4
seg000:001187F0 40 80 00 58   bge     loc_118848
seg000:001187F4 48 00 01 8C   b       loc_118980
seg000:001187F8
seg000:001187F8             loc_1187F8: # CODE XREF: check3+ACj
seg000:001187F8 2C 00 00 0B   cmpwi   %r0, 0xB
seg000:001187FC 41 82 00 08   beq     loc_118804
seg000:00118800 48 00 01 80   b       loc_118980
seg000:00118804
seg000:00118804             loc_118804: # CODE XREF: check3+C0j
seg000:00118804 80 DE 00 00   lwz     %r6, dword_24B704
seg000:00118808 38 81 00 38   addi    %r4, %sp, 0x50+var_18
seg000:0011880C 38 60 00 08   li      %r3, 8
seg000:00118810 38 A0 00 00   li      %r5, 0
seg000:00118814 48 00 BF B5   bl      .RBEREAD
seg000:00118818 60 00 00 00   nop
seg000:0011881C 54 60 04 3F   clrlwi. %r0, %r3, 16
seg000:00118820 41 82 00 0C   beq     loc_11882C
seg000:00118824 38 60 00 00   li      %r3, 0
seg000:00118828 48 00 02 48   b       exit
seg000:0011882C
seg000:0011882C             loc_11882C: # CODE XREF: check3+E4j
seg000:0011882C A0 01 00 38   lhz     %r0, 0x50+var_18(%sp)
seg000:00118830 28 00 11 30   cmplwi  %r0, 0xFEA0
seg000:00118834 41 82 00 0C   beq     loc_118840
seg000:00118838 38 60 00 00   li      %r3, 0
seg000:0011883C 48 00 02 34   b       exit
seg000:00118840
seg000:00118840             loc_118840: # CODE XREF: check3+F8j
seg000:00118840 38 60 00 01   li      %r3, 1
seg000:00118844 48 00 02 2C   b       exit
seg000:00118848
seg000:00118848             loc_118848: # CODE XREF: check3+B4j
seg000:00118848 80 DE 00 00   lwz     %r6, dword_24B704
seg000:0011884C 38 81 00 38   addi    %r4, %sp, 0x50+var_18
seg000:00118850 38 60 00 0A   li      %r3, 0xA
seg000:00118854 38 A0 00 00   li      %r5, 0
seg000:00118858 48 00 BF 71   bl      .RBEREAD
seg000:0011885C 60 00 00 00   nop
seg000:00118860 54 60 04 3F   clrlwi. %r0, %r3, 16
seg000:00118864 41 82 00 0C   beq     loc_118870
seg000:00118868 38 60 00 00   li      %r3, 0
seg000:0011886C 48 00 02 04   b       exit
seg000:00118870
seg000:00118870             loc_118870: # CODE XREF: check3+128j
seg000:00118870 A0 01 00 38   lhz     %r0, 0x50+var_18(%sp)
seg000:00118874 28 00 03 F3   cmplwi  %r0, 0xA6E1
seg000:00118878 41 82 00 0C   beq     loc_118884
seg000:0011887C 38 60 00 00   li      %r3, 0
seg000:00118880 48 00 01 F0   b       exit
seg000:00118884
seg000:00118884             loc_118884: # CODE XREF: check3+13Cj
seg000:00118884 57 BF 06 3E   clrlwi  %r31, %r29, 24
seg000:00118888 28 1F 00 02   cmplwi  %r31, 2
seg000:0011888C 40 82 00 0C   bne     loc_118898
seg000:00118890 38 60 00 01   li      %r3, 1
seg000:00118894 48 00 01 DC   b       exit
seg000:00118898
seg000:00118898             loc_118898: # CODE XREF: check3+150j
seg000:00118898 80 DE 00 00   lwz     %r6, dword_24B704
seg000:0011889C 38 81 00 38   addi    %r4, %sp, 0x50+var_18
seg000:001188A0 38 60 00 0B   li      %r3, 0xB
seg000:001188A4 38 A0 00 00   li      %r5, 0
seg000:001188A8 48 00 BF 21   bl      .RBEREAD
seg000:001188AC 60 00 00 00   nop
seg000:001188B0 54 60 04 3F   clrlwi. %r0, %r3, 16
seg000:001188B4 41 82 00 0C   beq     loc_1188C0
seg000:001188B8 38 60 00 00   li      %r3, 0
seg000:001188BC 48 00 01 B4   b       exit
seg000:001188C0
seg000:001188C0             loc_1188C0: # CODE XREF: check3+178j
seg000:001188C0 A0 01 00 38   lhz     %r0, 0x50+var_18(%sp)
seg000:001188C4 28 00 23 1C   cmplwi  %r0, 0x1C20
seg000:001188C8 41 82 00 0C   beq     loc_1188D4
seg000:001188CC 38 60 00 00   li      %r3, 0
seg000:001188D0 48 00 01 A0   b       exit
seg000:001188D4
seg000:001188D4             loc_1188D4: # CODE XREF: check3+18Cj
seg000:001188D4 28 1F 00 03   cmplwi  %r31, 3
seg000:001188D8 40 82 01 94   bne     error
seg000:001188DC 38 60 00 01   li      %r3, 1
seg000:001188E0 48 00 01 90   b       exit
seg000:001188E4
seg000:001188E4             loc_1188E4: # CODE XREF: check3+A8j
seg000:001188E4 80 DE 00 00   lwz     %r6, dword_24B704
seg000:001188E8 38 81 00 38   addi    %r4, %sp, 0x50+var_18
seg000:001188EC 38 60 00 0C   li      %r3, 0xC
seg000:001188F0 38 A0 00 00   li      %r5, 0
seg000:001188F4 48 00 BE D5   bl      .RBEREAD
seg000:001188F8 60 00 00 00   nop
seg000:001188FC 54 60 04 3F   clrlwi. %r0, %r3, 16
seg000:00118900 41 82 00 0C   beq     loc_11890C
seg000:00118904 38 60 00 00   li      %r3, 0
seg000:00118908 48 00 01 68   b       exit
seg000:0011890C
seg000:0011890C             loc_11890C: # CODE XREF: check3+1C4j
seg000:0011890C A0 01 00 38   lhz     %r0, 0x50+var_18(%sp)
seg000:00118910 28 00 1F 40   cmplwi  %r0, 0x40FF
seg000:00118914 41 82 00 0C   beq     loc_118920
seg000:00118918 38 60 00 00   li      %r3, 0
seg000:0011891C 48 00 01 54   b       exit
seg000:00118920
seg000:00118920             loc_118920: # CODE XREF: check3+1D8j
seg000:00118920 57 BF 06 3E   clrlwi  %r31, %r29, 24
seg000:00118924 28 1F 00 02   cmplwi  %r31, 2
seg000:00118928 40 82 00 0C   bne     loc_118934
seg000:0011892C 38 60 00 01   li      %r3, 1
seg000:00118930 48 00 01 40   b       exit
seg000:00118934
seg000:00118934             loc_118934: # CODE XREF: check3+1ECj
seg000:00118934 80 DE 00 00   lwz     %r6, dword_24B704
seg000:00118938 38 81 00 38   addi    %r4, %sp, 0x50+var_18
seg000:0011893C 38 60 00 0D   li      %r3, 0xD
seg000:00118940 38 A0 00 00   li      %r5, 0
seg000:00118944 48 00 BE 85   bl      .RBEREAD
seg000:00118948 60 00 00 00   nop
seg000:0011894C 54 60 04 3F   clrlwi. %r0, %r3, 16
seg000:00118950 41 82 00 0C   beq     loc_11895C
seg000:00118954 38 60 00 00   li      %r3, 0
seg000:00118958 48 00 01 18   b       exit
seg000:0011895C
seg000:0011895C             loc_11895C: # CODE XREF: check3+214j
seg000:0011895C A0 01 00 38   lhz     %r0, 0x50+var_18(%sp)
seg000:00118960 28 00 07 CF   cmplwi  %r0, 0xFC7
seg000:00118964 41 82 00 0C   beq     loc_118970
seg000:00118968 38 60 00 00   li      %r3, 0
seg000:0011896C 48 00 01 04   b       exit
seg000:00118970
seg000:00118970             loc_118970: # CODE XREF: check3+228j
seg000:00118970 28 1F 00 03   cmplwi  %r31, 3
seg000:00118974 40 82 00 F8   bne     error
seg000:00118978 38 60 00 01   li      %r3, 1
seg000:0011897C 48 00 00 F4   b       exit
seg000:00118980
seg000:00118980             loc_118980: # CODE XREF: check3+B8j
seg000:00118980                         # check3+C4j
seg000:00118980 80 DE 00 00   lwz     %r6, dword_24B704
seg000:00118984 38 81 00 38   addi    %r4, %sp, 0x50+var_18
seg000:00118988 3B E0 00 00   li      %r31, 0
seg000:0011898C 38 60 00 04   li      %r3, 4
seg000:00118990 38 A0 00 00   li      %r5, 0
seg000:00118994 48 00 BE 35   bl      .RBEREAD
seg000:00118998 60 00 00 00   nop
seg000:0011899C 54 60 04 3F   clrlwi. %r0, %r3, 16
seg000:001189A0 41 82 00 0C   beq     loc_1189AC
seg000:001189A4 38 60 00 00   li      %r3, 0
seg000:001189A8 48 00 00 C8   b       exit
seg000:001189AC
seg000:001189AC             loc_1189AC: # CODE XREF: check3+264j
seg000:001189AC A0 01 00 38   lhz     %r0, 0x50+var_18(%sp)
seg000:001189B0 28 00 1D 6A   cmplwi  %r0, 0xAED0
seg000:001189B4 40 82 00 0C   bne     loc_1189C0
seg000:001189B8 3B E0 00 01   li      %r31, 1
seg000:001189BC 48 00 00 14   b       loc_1189D0
seg000:001189C0
seg000:001189C0             loc_1189C0: # CODE XREF: check3+278j
seg000:001189C0 28 00 18 28   cmplwi  %r0, 0x2818
seg000:001189C4 41 82 00 0C   beq     loc_1189D0
seg000:001189C8 38 60 00 00   li      %r3, 0
seg000:001189CC 48 00 00 A4   b       exit
seg000:001189D0
seg000:001189D0             loc_1189D0: # CODE XREF: check3+280j
seg000:001189D0                         # check3+288j
seg000:001189D0 57 A0 06 3E   clrlwi  %r0, %r29, 24
seg000:001189D4 28 00 00 02   cmplwi  %r0, 2
seg000:001189D8 40 82 00 20   bne     loc_1189F8
seg000:001189DC 57 E0 06 3F   clrlwi. %r0, %r31, 24
seg000:001189E0 41 82 00 10   beq     good2
seg000:001189E4 48 00 4C 69   bl      sub_11D64C
seg000:001189E8 60 00 00 00   nop
seg000:001189EC 48 00 00 84   b       exit
seg000:001189F0
seg000:001189F0             good2:      # CODE XREF: check3+2A4j
seg000:001189F0 38 60 00 01   li      %r3, 1
seg000:001189F4 48 00 00 7C   b       exit
seg000:001189F8
seg000:001189F8             loc_1189F8: # CODE XREF: check3+29Cj
seg000:001189F8 80 DE 00 00   lwz     %r6, dword_24B704
seg000:001189FC 38 81 00 38   addi    %r4, %sp, 0x50+var_18
seg000:00118A00 38 60 00 05   li      %r3, 5
seg000:00118A04 38 A0 00 00   li      %r5, 0
seg000:00118A08 48 00 BD C1   bl      .RBEREAD
seg000:00118A0C 60 00 00 00   nop
seg000:00118A10 54 60 04 3F   clrlwi. %r0, %r3, 16
seg000:00118A14 41 82 00 0C   beq     loc_118A20
seg000:00118A18 38 60 00 00   li      %r3, 0
seg000:00118A1C 48 00 00 54   b       exit
seg000:00118A20
seg000:00118A20             loc_118A20: # CODE XREF: check3+2D8j
seg000:00118A20 A0 01 00 38   lhz     %r0, 0x50+var_18(%sp)
seg000:00118A24 28 00 11 D3   cmplwi  %r0, 0xD300
seg000:00118A28 40 82 00 0C   bne     loc_118A34
seg000:00118A2C 3B E0 00 01   li      %r31, 1
seg000:00118A30 48 00 00 14   b       good1
seg000:00118A34
seg000:00118A34             loc_118A34: # CODE XREF: check3+2ECj
seg000:00118A34 28 00 1A EB   cmplwi  %r0, 0xEBA1
seg000:00118A38 41 82 00 0C   beq     good1
seg000:00118A3C 38 60 00 00   li      %r3, 0
seg000:00118A40 48 00 00 30   b       exit
seg000:00118A44
seg000:00118A44             good1:      # CODE XREF: check3+2F4j
seg000:00118A44                         # check3+2FCj
seg000:00118A44 57 A0 06 3E   clrlwi  %r0, %r29, 24
seg000:00118A48 28 00 00 03   cmplwi  %r0, 3
seg000:00118A4C 40 82 00 20   bne     error
seg000:00118A50 57 E0 06 3F   clrlwi. %r0, %r31, 24
seg000:00118A54 41 82 00 10   beq     good
seg000:00118A58 48 00 4B F5   bl      sub_11D64C
seg000:00118A5C 60 00 00 00   nop
seg000:00118A60 48 00 00 10   b       exit
seg000:00118A64
seg000:00118A64             good:       # CODE XREF: check3+318j
seg000:00118A64 38 60 00 01   li      %r3, 1
seg000:00118A68 48 00 00 08   b       exit
seg000:00118A6C
seg000:00118A6C             error:      # CODE XREF: check3+19Cj
seg000:00118A6C                         # check3+238j ...
seg000:00118A6C 38 60 00 00   li      %r3, 0
seg000:00118A70
seg000:00118A70             exit:       # CODE XREF: check3+44j
seg000:00118A70                         # check3+58j ...
seg000:00118A70 80 01 00 58   lwz     %r0, 0x50+arg_8(%sp)
seg000:00118A74 38 21 00 50   addi    %sp, %sp, 0x50
seg000:00118A78 83 E1 FF FC   lwz     %r31, var_4(%sp)
seg000:00118A7C 7C 08 03 A6   mtlr    %r0
seg000:00118A80 83 C1 FF F8   lwz     %r30, var_8(%sp)
seg000:00118A84 83 A1 FF F4   lwz     %r29, var_C(%sp)
seg000:00118A88 4E 80 00 20   blr
seg000:00118A88             # End of function check3
