.LC2:
	.string	"a=%d; b=%d; c=%d; d=%d; e=%d; f=%d; g=%d; h=%d\n"
f3:
; выделить больше места в стеке:
	sub	sp, sp, #32
; сохранить FP и LR в стековом фрейме:
	stp	x29, x30, [sp,16]
; установить стековый фрейм (FP=SP):
	add	x29, sp, 16
	adrp	x0, .LC2 ; "a=%d; b=%d; c=%d; d=%d; e=%d; f=%d; g=%d; h=%d\n"
	add	x0, x0, :lo12:.LC2
	mov	w1, 8		; §9-й аргумент§
	str	w1, [sp]	; §сохранить 9-й аргумент в стеке§
	mov	w1, 1
	mov	w2, 2
	mov	w3, 3
	mov	w4, 4
	mov	w5, 5
	mov	w6, 6
	mov	w7, 7
	bl	printf
	sub	sp, x29, #16
; восстановить FP и LR
	ldp	x29, x30, [sp,16]
	add	sp, sp, 32
	ret
