.text:00000000 main:
.text:00000000
.text:00000000 var_28          = -0x28
.text:00000000 var_24          = -0x24
.text:00000000 var_20          = -0x20
.text:00000000 var_1C          = -0x1C
.text:00000000 var_18          = -0x18
.text:00000000 var_10          = -0x10
.text:00000000 var_4           = -4
.text:00000000
; prologue de la fonction:
.text:00000000                 lui     $gp, (__gnu_local_gp >> 16)
.text:00000004                 addiu   $sp, -0x38
.text:00000008                 la      $gp, (__gnu_local_gp & 0xFFFF)
.text:0000000C                 sw      $ra, 0x38+var_4($sp)
.text:00000010                 sw      $gp, 0x38+var_10($sp)
; §passer le 5ème argument dans la pile:§
.text:00000014                 li      $v0, 4
.text:00000018                 sw      $v0, 0x38+var_28($sp)
; §passer le 6ème argument dans la pile:§
.text:0000001C                 li      $v0, 5
.text:00000020                 sw      $v0, 0x38+var_24($sp)
; §passer le 7ème argument dans la pile:§
.text:00000024                 li      $v0, 6
.text:00000028                 sw      $v0, 0x38+var_20($sp)
; §passer le 8ème argument dans la pile:§
.text:0000002C                 li      $v0, 7
.text:00000030                 lw      $t9, (printf & 0xFFFF)($gp)
.text:00000034                 sw      $v0, 0x38+var_1C($sp)
; §préparer le 1er argument dans \$a0:§ 
.text:00000038                 lui     $a0, ($LC0 >> 16)  # "a=%d; b=%d; c=%d; d=%d; e=%d; f=%d; g=%"...
; §passer le 9ème argument dans la pile:§
.text:0000003C                 li      $v0, 8
.text:00000040                 sw      $v0, 0x38+var_18($sp)
; passer le 1er argument in $a0:
.text:00000044                 la      $a0, ($LC0 & 0xFFFF)  # "a=%d; b=%d; c=%d; d=%d; e=%d; f=%d; g=%"...
; passer le 2nd argument dans $a1:
.text:00000048                 li      $a1, 1
; §passer le 3ème argument dans§ $a2:
.text:0000004C                 li      $a2, 2
; appeler printf():
.text:00000050                 jalr    $t9
; §passer le 4ème argument dans \$a3 (slot de délai de branchement):§
.text:00000054                 li      $a3, 3
; §épilogue de la fonction:§
.text:00000058                 lw      $ra, 0x38+var_4($sp)
; §mettre la valeur de retour à 0:§
.text:0000005C                 move    $v0, $zero
; retourner
.text:00000060                 jr      $ra
.text:00000064                 addiu   $sp, 0x38 ; §slot de délai de branchement§
